SF:lib\bloc\project_bloc.dart
DA:7,6
DA:8,4
DA:11,2
DA:12,2
DA:18,2
DA:20,2
DA:25,2
DA:27,2
DA:32,2
DA:34,2
DA:40,2
DA:44,4
LF:12
LH:12
end_of_record
SF:lib\bloc\project_event.dart
DA:4,0
DA:5,0
LF:2
LH:0
end_of_record
SF:lib\bloc\project_state.dart
DA:5,0
DA:6,0
DA:13,2
DA:14,1
DA:15,2
LF:5
LH:3
end_of_record
SF:lib\models\project.dart
DA:7,3
LF:1
LH:1
end_of_record
SF:lib\widgets\expandable_project_card.dart
DA:6,1
DA:8,1
DA:9,1
DA:15,1
DA:17,3
DA:18,1
DA:19,1
DA:21,1
DA:23,1
DA:25,1
DA:27,1
DA:28,1
DA:29,3
DA:30,3
DA:33,1
DA:34,1
DA:35,3
DA:36,3
DA:37,3
DA:40,1
DA:43,5
DA:44,2
DA:45,1
DA:48,1
DA:49,5
DA:50,1
DA:51,1
LF:27
LH:27
end_of_record
SF:lib\main.dart
DA:8,0
DA:9,0
DA:13,2
DA:15,1
DA:17,1
DA:18,4
DA:19,1
DA:21,1
DA:24,1
DA:25,3
DA:30,1
DA:34,1
DA:35,1
DA:39,1
DA:40,1
LF:15
LH:13
end_of_record
SF:lib\about.dart
DA:5,0
DA:7,0
DA:9,0
DA:10,0
DA:12,0
DA:14,0
DA:15,0
DA:17,0
DA:19,0
DA:22,0
DA:25,0
DA:28,0
DA:30,0
DA:32,0
DA:35,0
DA:36,0
DA:37,0
DA:38,0
DA:39,0
DA:41,0
DA:49,0
DA:51,0
DA:60,0
DA:62,0
DA:70,0
DA:72,0
DA:80,0
DA:82,0
DA:95,0
DA:97,0
DA:99,0
DA:102,0
DA:103,0
DA:104,0
DA:105,0
DA:106,0
DA:108,0
DA:121,0
DA:122,0
DA:123,0
LF:40
LH:0
end_of_record
SF:lib\portfolio_home_page.dart
DA:13,1
DA:15,1
DA:17,3
DA:18,1
DA:19,1
DA:20,1
DA:21,1
DA:22,1
DA:25,1
DA:26,1
DA:27,1
DA:29,1
DA:30,1
DA:32,3
DA:34,1
DA:35,1
DA:36,1
DA:37,1
DA:39,0
DA:40,0
DA:42,0
DA:43,0
DA:53,1
DA:54,1
DA:56,1
DA:58,3
DA:67,1
DA:69,1
DA:72,1
DA:74,4
DA:78,1
DA:80,1
DA:81,0
DA:82,0
DA:105,1
DA:106,1
DA:107,1
DA:108,0
DA:112,0
DA:113,0
DA:114,0
DA:117,1
DA:125,1
DA:129,1
DA:130,1
DA:132,1
DA:133,1
DA:135,1
DA:137,1
DA:139,1
LF:50
LH:40
end_of_record
SF:lib\services\mail_service.dart
DA:4,0
DA:5,0
DA:8,0
DA:9,0
DA:10,0
LF:5
LH:0
end_of_record
SF:lib\widgets\nav_text_button.dart
DA:6,1
DA:8,1
DA:10,1
DA:11,1
DA:12,2
LF:5
LH:5
end_of_record
SF:lib\widgets\section_title.dart
DA:5,2
DA:7,1
DA:9,1
DA:11,1
DA:12,1
DA:13,3
LF:6
LH:6
end_of_record
